         w __deregister_frame_info
         w __register_frame_info
         U rpl_entry
02000000 T __rpl_start
0200001c t load
0200003c t unload
02000050 T __init
02000074 0000002c T abort
020000a0 0000003c T exit
020000dc 0000000c t register_fini
020000e8 t __do_global_dtors_aux
020001b4 t frame_dummy
020001d8 00000044 W __init_wut
0200021c 00000034 W __fini_wut
02000250 00000034 T __wut__abort
020002a4 00000148 T __wut__assert_func
0200041c 00000004 T __syscall_getreent
02000420 0000003c T __syscall_exit
0200045c 00000010 T __syscall_abort
0200046c 00000010 T __syscall_assert_func
0200047c 00000014 T __init_wut_newlib
02000490 00000004 T __fini_wut_newlib
02000494 000000ac t __wut_thread_cleanup
02000540 0000010c T __wut_getreent
0200066c 00000078 T __fini_wut_sbrk_heap
020006f4 000000ac T __syscall_lock_acquire_recursive
020007e0 000000ac T __syscall_lock_release_recursive
020008cc 00000008 W wut_set_thread_specific
020008e4 00000008 W wut_get_thread_specific
020008fc 00000004 T __init_wut_malloc
02000900 0000006c T _malloc_r
0200096c 00000018 T _free_r
02000984 000000e0 T _realloc_r
02000a74 0000009c T _calloc_r
02000b10 00000070 T _memalign_r
02000b80 00000038 W __init_wut_socket
02000bf8 00000030 W __fini_wut_socket
02000c58 00000080 T __wut_get_nsysnet_result
02000ce8 00000010 T __wut_socket_open
02000cf8 00000048 T __wut_socket_read
02000d50 00000048 T __wut_socket_write
02000da8 000001bc T __init_wut_devoptab
02000fb4 0000008c T __fini_wut_devoptab
02001060 000000a0 T __wut_fsa_dirclose
02001130 000001ac T __wut_fsa_dirnext
0200130c 0000017c T __wut_fsa_diropen
020014c8 000000a0 T __wut_fsa_dirreset
02001598 000000d4 T __wut_fsa_fstat
0200169c 0000009c T __wut_fsa_fsync
02001768 000000e0 T __wut_fsa_mkdir
02001858 000004cc T __wut_fsa_open
02001d94 000001bc T __wut_fsa_read
02001f80 00000114 T __wut_fsa_rename
020020a4 000000c4 T __wut_fsa_rmdir
02002178 00000188 T __wut_fsa_seek
02002340 00000118 T __wut_fsa_stat
02002468 00000168 T __wut_fsa_statvfs
020025e0 000000c8 T __wut_fsa_ftruncate
020026e8 000000c4 T __wut_fsa_unlink
020027bc 00000040 T __wut_fsa_hashstring
020027fc 00000368 T __wut_fsa_fixpath
02002b64 0000007c T __wut_fsa_translate_stat_mode
02002be0 00000144 T __wut_fsa_translate_stat
02002d24 00000028 T __wut_fsa_translate_error
02002d4c 000001d4 T __wut_fsa_write
02002f50 0000003c T __wut_socket_close
02002f9c 0000011c T __wut_fsa_chdir
020030c8 000000e0 T __wut_fsa_chmod
020031b8 0000009c T __wut_fsa_close
02003284 00000448 T __divdi3
020036cc 000003c4 T __udivdi3
02003a90 00000048 T __eabi
02003ad8 000001b8 T chdir
02003c90 0000027c T _concatenate_path
02003f0c 00000020 T __getreent
02003f2c 00000008 t null_write
02003f34 00000018 T setDefaultDevice
02003f4c 00000108 T FindDevice
02004054 00000040 T RemoveDevice
02004094 000000f4 T AddDevice
02004188 00000014 T __libc_lock_acquire_recursive
0200419c 00000014 T __libc_lock_release_recursive
020041b0 00000028 T _exit
020041d8 0000014c T memcpy
02004324 00000080 T strlen
020043a4 00000040 T memalign
020043e4 00000104 T _wcrtomb_r
020044e8 00000130 T snprintf
02004618 00000148 T memchr
02004760 0000010c T __ssprint_r
0200486c 00000154 T strchr
020049c0 00000020 T __errno
020049e0 0000004c T __locale_mb_cur_max
02004a2c 00000180 T memset
02004bac 00000340 t quorem
02004eec 00001720 T _dtoa_r
0200660c 00000104 T strncpy
02006710 0000009c T strcmp
020067ac 00000058 T malloc
02006804 00000030 T free
02006834 00000010 T _wcsrtombs_r
02006844 00000078 T strrchr
020068bc 0000004c T _localeconv_r
02006908 00000254 T memmove
02006b5c 00000030 T strdup
02006b8c 0000010c T _reclaim_reent
02006c98 000007bc t get_arg
02007454 000039f8 T _svfprintf_r
0200ae4c 00000194 T __ssputs_r
0200afe0 00000108 T __utf8_wctomb
0200b0e8 000000c0 T strnlen
0200b1a8 000000c8 T strncmp
0200b270 000001e4 T _wcsnrtombs_l
0200b454 000000d8 T _wcsnrtombs_r
0200b52c 00000090 T frexp
0200b5bc 00000070 T _strdup_r
0200b62c 000000f4 T _Balloc
0200b720 00000024 T _Bfree
0200b744 00000174 T __multadd
0200b8b8 00000098 T __hi0bits
0200b950 0000010c T __lo0bits
0200ba5c 00000108 T __i2b
0200bb64 00000338 T __multiply
0200be9c 0000019c T __pow5mult
0200c038 0000026c T __lshift
0200c2a4 000000dc T __mcmp
0200c380 00000314 T __mdiff
0200c694 00000194 T __d2b
0200c828 00000604 T __utf8_mbtowc
0200ce2c 00000208 T __call_exitprocs
0200d034 00000014 T atexit
0200d048 000000f4 T __register_exitproc
0200d13c 00000024 T __assert_func
0200d160 00000380 T __umoddi3
0200d4e0 00000058 T _restgpr_14_x
0200d4e4 00000054 T _restgpr_15_x
0200d4e8 00000050 T _restgpr_16_x
0200d4ec 0000004c T _restgpr_17_x
0200d4f0 00000048 T _restgpr_18_x
0200d4f4 00000044 T _restgpr_19_x
0200d4f8 00000040 T _restgpr_20_x
0200d4fc 0000003c T _restgpr_21_x
0200d500 00000038 T _restgpr_22_x
0200d504 00000034 T _restgpr_23_x
0200d508 00000030 T _restgpr_24_x
0200d50c 0000002c T _restgpr_25_x
0200d510 00000028 T _restgpr_26_x
0200d514 00000024 T _restgpr_27_x
0200d518 00000020 T _restgpr_28_x
0200d51c 0000001c T _restgpr_29_x
0200d520 00000018 T _restgpr_30_x
0200d524 00000014 T _restgpr_31_x
0200d538 t __do_global_ctors_aux
0200d588 T __fini
10000000 D __SBSS2_END__
10000000 D __SDATA2_START__
10000114 d .LC2
10000218 00000034 d __wut_nsysnet_error_code_map
1000024c 00000080 d __wut_fsa_devoptab
100002cc 00000042 d CSWTCH.24
10000310 00000080 D dotab_stdnull
10000390 0000006c D __action_table
100003fc 0000006c D __state_table
10000468 00000100 D __chclass
10000810 00000010 d zeroes.0
10000820 00000010 d blanks.1
10000830 00000101 D _ctype_
10000934 0000000c d p05.0
10000940 00000028 D __mprec_bigtens
10000968 000000c8 D __mprec_tens
10000a30 d __CTOR_LIST__
10000a38 d __CTOR_END__
10000a38 D __CTOR_END__
10000a38 D __CTOR_LIST__
10000a3c d __DTOR_LIST__
10000a40 D __DTOR_END__
10000a40 D __DTOR_LIST__
10000a60 d __EH_FRAME_BEGIN__
10000a60 D __EH_FRAME_BEGIN__
10002514 D __EH_FRAME_END__
10002514 d __FRAME_END__
10002518 00000080 d __wut_socket_devoptab
1000259c 00000400 d _current_working_directory
1000299c 0000008c D devoptab_list
10002a28 00000004 d defaultDevice
10002a30 00000200 D _impure_data
10002c30 00000254 D __global_locale
10002e84 D __SDATA_START__
10002e84 00000004 D _impure_ptr
10002e90 00000004 B __wut_exit
10002e94 00000004 B __stdio_exit_handler
10002e98 00000004 B __atexit
10002e9c 00000008 B __atexit_recursive_mutex
10002ea4 B __SBSS_END__
10002ea4 b completed.2
10002ea8 b dtor_idx.1
10002eac b object.0
10002ec4 00000004 b sHeapSize
10002ec8 00000004 b sHeapMaxSize
10002ecc 00000004 b sHeapBase
10002ed0 00000004 b sHeapHandle
10002ee0 00000010 b sSyncSpinLock
10002ef0 000003b8 B __wut_fsa_device_data
100032a8 00000400 b temp_cwd
100036a8 00000150 B __sf
100037f8 00000190 B __atexit0
10008000 d _SDA2_BASE_
1000ae84 d _SDA_BASE_
c0000038 T FSAAddClient
c0000040 T FSAChangeDir
c0000048 T FSAChangeMode
c0000050 T FSACloseDir
c0000058 T FSACloseFile
c0000060 T FSADelClient
c0000068 T FSAFlushFile
c0000070 T FSAGetDeviceInfo
c0000078 T FSAGetFreeSpaceSize
c0000080 T FSAGetStat
c0000088 T FSAGetStatFile
c0000090 T FSAInit
c0000098 T FSAMakeDir
c00000a0 T FSAMount
c00000a8 T FSAOpenDir
c00000b0 T FSAOpenFileEx
c00000b8 T FSAReadDir
c00000c0 T FSAReadFile
c00000c8 T FSARemove
c00000d0 T FSARename
c00000d8 T FSARewindDir
c00000e0 T FSASetPosFile
c00000e8 T FSATruncateFile
c00000f0 T FSAUnmount
c00000f8 T FSAWriteFile
c0000100 T MEMFreeToExpHeap
c0000108 T MEMGetSizeForMBlockExpHeap
c0000110 T OSFastMutex_Init
c0000118 T OSFastMutex_Lock
c0000120 T OSFastMutex_Unlock
c0000128 T OSFatal
c0000130 T OSGetCurrentThread
c0000138 T OSGetThreadSpecific
c0000140 T OSInitMutexEx
c0000148 T OSIsDebuggerPresent
c0000150 T OSLockMutex
c0000158 T OSSetThreadCleanupCallback
c0000160 T OSSetThreadSpecific
c0000168 T OSUninterruptibleSpinLock_Acquire
c0000170 T OSUninterruptibleSpinLock_Release
c0000178 T OSUnlockMutex
c0000180 T __os_snprintf
c0000188 T __rplwrap_exit
c00001a0 T ACClose
c00001a8 T ACConnectAsync
c00001b0 T ACFinalize
c00001b8 T ACInitialize
c00001d0 T set_multicast_state
c00001d8 T socket_lib_finish
c00001e0 T socket_lib_init
c00001e8 T __rplwrap_recv
c00001f0 T __rplwrap_send
c00001f8 T __rplwrap_socketclose
c0000200 T __rplwrap_socketlasterr
c0000228 R MEMAllocFromDefaultHeap
c0000230 R MEMAllocFromDefaultHeapEx
c0000238 R MEMFreeToDefaultHeap
